\BOOKMARK [0][-]{chapter*.1}{\376\377\000A\000c\000k\000n\000o\000w\000l\000e\000d\000g\000e\000m\000e\000n\000t\000s}{}% 1
\BOOKMARK [0][-]{chapter*.2}{\376\377\000A\000b\000s\000t\000r\000a\000c\000t}{}% 2
\BOOKMARK [0][-]{chapter*.3}{\376\377\000N\000o\000t\000a\000t\000i\000o\000n\000s}{}% 3
\BOOKMARK [0][-]{toc.0}{\376\377\000C\000o\000n\000t\000e\000n\000t\000s}{}% 4
\BOOKMARK [0][-]{chapter*.5}{\376\377\000I\000n\000t\000r\000o\000d\000u\000c\000t\000i\000o\000n}{}% 5
\BOOKMARK [0][-]{chapter.6}{\376\377\000F\000e\000a\000t\000u\000r\000e\000\040\000s\000e\000l\000e\000c\000t\000i\000o\000n}{}% 6
\BOOKMARK [1][-]{section.7}{\376\377\000B\000a\000c\000k\000g\000r\000o\000u\000n\000d\000\040\000o\000n\000\040\000f\000e\000a\000t\000u\000r\000e\000\040\000s\000e\000l\000e\000c\000t\000i\000o\000n}{chapter.6}% 7
\BOOKMARK [2][-]{subsection.8}{\376\377\000D\000e\000f\000i\000n\000i\000t\000i\000o\000n\000s}{section.7}% 8
\BOOKMARK [2][-]{subsection.10}{\376\377\000M\000o\000t\000i\000v\000a\000t\000i\000o\000n}{section.7}% 9
\BOOKMARK [2][-]{subsection.16}{\376\377\000T\000e\000c\000h\000n\000i\000q\000u\000e\000s}{section.7}% 10
\BOOKMARK [3][-]{section*.17}{\376\377\000L\000a\000s\000s\000o}{subsection.16}% 11
\BOOKMARK [3][-]{section*.19}{\376\377\000S\000p\000a\000r\000s\000e\000\040\000c\000e\000n\000t\000e\000r\000\040\000c\000l\000a\000s\000s\000i\000f\000i\000e\000r\000s}{subsection.16}% 12
\BOOKMARK [1][-]{section.22}{\376\377\000F\000a\000l\000s\000e\000\040\000d\000i\000s\000c\000o\000v\000e\000r\000y\000\040\000r\000a\000t\000e\000\040\000c\000o\000n\000t\000r\000o\000l}{chapter.6}% 13
\BOOKMARK [2][-]{subsection.23}{\376\377\000D\000e\000f\000i\000n\000i\000t\000i\000o\000n\000s}{section.22}% 14
\BOOKMARK [2][-]{subsection.25}{\376\377\000B\000e\000n\000j\000a\000m\000i\000n\000i\040\023\000H\000o\000c\000h\000b\000e\000r\000g\000-\000Y\000e\000k\000u\000t\000i\000e\000l\000i\000\040\000p\000r\000o\000c\000e\000d\000u\000r\000e\000s}{section.22}% 15
\BOOKMARK [3][-]{section*.26}{\376\377\000B\000e\000n\000j\000a\000m\000i\000n\000i\040\023\000H\000o\000c\000h\000b\000e\000r\000g}{subsection.25}% 16
\BOOKMARK [3][-]{section*.30}{\376\377\000B\000e\000n\000j\000a\000m\000i\000n\000i\040\023\000Y\000e\000k\000u\000t\000i\000e\000l\000i}{subsection.25}% 17
\BOOKMARK [1][-]{section.33}{\376\377\000F\000D\000R\000\040\000c\000o\000n\000t\000r\000o\000l\000\040\000w\000i\000t\000h\000\040\000k\000n\000o\000c\000k\000o\000f\000f\000s}{chapter.6}% 18
\BOOKMARK [2][-]{subsection.36}{\376\377\000K\000n\000o\000c\000k\000o\000f\000f\000s\000\040\000c\000o\000n\000s\000t\000r\000u\000c\000t\000i\000o\000n}{section.33}% 19
\BOOKMARK [3][-]{section*.37}{\376\377\000G\000e\000n\000e\000r\000a\000l\000\040\000c\000a\000s\000e}{subsection.36}% 20
\BOOKMARK [3][-]{section*.44}{\376\377\000G\000a\000u\000s\000s\000i\000a\000n\000\040\000c\000a\000s\000e}{subsection.36}% 21
\BOOKMARK [2][-]{subsection.48}{\376\377\000S\000t\000a\000t\000i\000s\000t\000i\000c\000s\000\040\000c\000o\000m\000p\000u\000t\000a\000t\000i\000o\000n}{section.33}% 22
\BOOKMARK [3][-]{section*.49}{\376\377\000G\000e\000n\000e\000r\000a\000l\000\040\000p\000r\000i\000n\000c\000i\000p\000l\000e}{subsection.48}% 23
\BOOKMARK [3][-]{section*.52}{\376\377\000S\000t\000a\000t\000i\000s\000t\000i\000c\000s\000\040\000a\000g\000g\000r\000e\000g\000a\000t\000i\000o\000n}{subsection.48}% 24
\BOOKMARK [3][-]{section*.54}{\376\377\000E\000x\000a\000m\000p\000l\000e\000s}{subsection.48}% 25
\BOOKMARK [2][-]{subsection.56}{\376\377\000F\000e\000a\000t\000u\000r\000e\000s\000\040\000s\000e\000l\000e\000c\000t\000i\000o\000n}{section.33}% 26
\BOOKMARK [2][-]{subsection.66}{\376\377\000B\000o\000t\000t\000l\000e\000n\000e\000c\000k\000s}{section.33}% 27
\BOOKMARK [3][-]{section*.67}{\376\377\000S\000D\000P}{subsection.66}% 28
\BOOKMARK [3][-]{section*.70}{\376\377\000S\000t\000a\000t\000i\000s\000t\000i\000c\000s\000\040\000c\000o\000m\000p\000u\000t\000a\000t\000i\000o\000n}{subsection.66}% 29
\BOOKMARK [2][-]{subsection.71}{\376\377\000P\000y\000t\000h\000o\000n\000\040\000i\000m\000p\000l\000e\000m\000e\000n\000t\000a\000t\000i\000o\000n}{section.33}% 30
\BOOKMARK [0][-]{chapter.73}{\376\377\000S\000p\000a\000r\000s\000e\000\040\000n\000a\000i\000v\000e\000\040\000B\000a\000y\000e\000s}{}% 31
\BOOKMARK [1][-]{section.74}{\376\377\000R\000e\000m\000i\000n\000d\000e\000r\000s\000\040\000o\000n\000\040\000v\000a\000n\000i\000l\000l\000a\000\040\000n\000a\000i\000v\000e\000\040\000B\000a\000y\000e\000s}{chapter.73}% 32
\BOOKMARK [2][-]{subsection.75}{\376\377\000G\000e\000n\000e\000r\000a\000l\000\040\000s\000e\000t\000t\000i\000n\000g\000s}{section.74}% 33
\BOOKMARK [2][-]{subsection.78}{\376\377\000G\000a\000u\000s\000s\000i\000a\000n\000\040\000n\000a\000i\000v\000e\000\040\000B\000a\000y\000e\000s}{section.74}% 34
\BOOKMARK [2][-]{subsection.79}{\376\377\000B\000e\000r\000n\000o\000u\000l\000l\000i\000\040\000n\000a\000i\000v\000e\000\040\000B\000a\000y\000e\000s}{section.74}% 35
\BOOKMARK [2][-]{subsection.81}{\376\377\000M\000u\000l\000t\000i\000n\000o\000m\000i\000a\000l\000\040\000n\000a\000i\000v\000e\000\040\000B\000a\000y\000e\000s}{section.74}% 36
\BOOKMARK [2][-]{subsection.83}{\376\377\000D\000e\000c\000i\000s\000i\000o\000n\000\040\000b\000o\000u\000n\000d\000a\000r\000y}{section.74}% 37
\BOOKMARK [1][-]{section.85}{\376\377\000S\000p\000a\000r\000s\000e\000\040\000n\000a\000i\000v\000e\000\040\000B\000a\000y\000e\000s}{chapter.73}% 38
\BOOKMARK [2][-]{subsection.86}{\376\377\000P\000r\000o\000b\000l\000e\000m\000\040\000s\000t\000a\000t\000e\000m\000e\000n\000t}{section.85}% 39
\BOOKMARK [2][-]{subsection.89}{\376\377\000M\000a\000i\000n\000\040\000r\000e\000s\000u\000l\000t\000s\000\040\000a\000n\000d\000\040\000r\000e\000s\000o\000l\000u\000t\000i\000o\000n}{section.85}% 40
\BOOKMARK [1][-]{section.94}{\376\377\000A\000p\000p\000l\000i\000c\000a\000t\000i\000o\000n\000s}{chapter.73}% 41
\BOOKMARK [2][-]{subsection.95}{\376\377\000C\000r\000i\000t\000e\000o\000\040\000d\000a\000t\000a\000s\000e\000t}{section.94}% 42
\BOOKMARK [0][-]{chapter.99}{\376\377\000F\000a\000s\000t\000\040\000s\000t\000a\000t\000i\000s\000t\000i\000c\000s\000\040\000c\000o\000m\000p\000u\000t\000a\000t\000i\000o\000n}{}% 43
\BOOKMARK [1][-]{subsection.100}{\376\377\000M\000u\000l\000t\000i\000-\000s\000t\000a\000g\000e\000\040\000p\000r\000o\000c\000e\000d\000u\000r\000e\000s}{chapter.99}% 44
\BOOKMARK [0][-]{chapter.101}{\376\377\000S\000D\000P}{}% 45
\BOOKMARK [1][-]{section.102}{\376\377\000E\000q\000u\000i\000-\000c\000o\000r\000r\000e\000l\000a\000t\000e\000d\000\040\000k\000n\000o\000c\000k\000o\000f\000f\000s}{chapter.101}% 46
\BOOKMARK [1][-]{section.103}{\376\377\000S\000D\000P\000\040\000k\000n\000o\000c\000k\000o\000f\000f\000s}{chapter.101}% 47
\BOOKMARK [0][-]{appendix.106}{\376\377\000A\000n\000\040\000a\000p\000p\000e\000n\000d\000i\000x}{}% 48
